%!Adobe-FontList 1.19
%Locale:0x411

%BeginFont
Handler:DirectoryHandler
FontType:CID
FontName:UDShinMGoPr6-Regular
FamilyName:A-OTF UD Shin Maru Go Pr6
StyleName:R
FullName:A-OTF UD Shin Maru Go Pr6 R
MenuName:A-OTF UD新丸ゴ Pr6 R
StyleBits:0
FamilyNameNative:A-OTF UD新丸ゴ Pr6
StyleNameNative:R
FullNameNative:A-OTF UD新丸ゴ Pr6 R
WritingScript:Japanese
OutlineFileName:C:\Users\aquais\Desktop\UIイメージ\Font\A-OTF-UDShinMGoPr6-Regular.otf
DataFormat:sfntData
isCFF:yes
hasSVG:no
VariableFontType:NonVariableFont
FileLength:7727784
FileModTime:1519583260
WeightClass:400
WidthClass:5
AngleClass:0
NameArray:0,Mac,4,A-OTF UD Shin Maru Go Pr6 R
NameArray:1,Mac,4,A-OTF UD新丸ゴ Pr6 R
NameArray:0,Win,1,A-OTF UD Shin Maru Go Pr6 R
NameArray:0,Win,16,A-OTF UD Shin Maru Go Pr6
NameArray:1,Win,1,A-OTF UD新丸ゴ Pr6 R
NameArray:1,Win,16,A-OTF UD新丸ゴ Pr6
%EndFont

